<?xml version="1.0" encoding="UTF-8"?>
<testng-results skipped="0" failed="0" ignored="0" total="1" passed="1">
  <reporter-output>
  </reporter-output>
  <suite name="Default suite" duration-ms="11479" started-at="2020-11-25T22:35:08 CET" finished-at="2020-11-25T22:35:20 CET">
    <groups>
    </groups>
    <test name="Default test" duration-ms="11479" started-at="2020-11-25T22:35:08 CET" finished-at="2020-11-25T22:35:20 CET">
      <class name="tests.FindTest">
        <test-method status="PASS" signature="beforeClass()[pri:0, instance:tests.FindTest@131276c2]" name="beforeClass" is-config="true" duration-ms="7107" started-at="2020-11-25T22:35:08 CET" finished-at="2020-11-25T22:35:15 CET">
          <reporter-output>
          </reporter-output>
        </test-method> <!-- beforeClass -->
        <test-method status="PASS" signature="FindAndBookTest()[pri:0, instance:tests.FindTest@131276c2]" name="FindAndBookTest" duration-ms="4325" started-at="2020-11-25T22:35:15 CET" finished-at="2020-11-25T22:35:20 CET">
          <reporter-output>
          </reporter-output>
        </test-method> <!-- FindAndBookTest -->
      </class> <!-- tests.FindTest -->
    </test> <!-- Default test -->
  </suite> <!-- Default suite -->
</testng-results>
